<?xml version="1.0" encoding="UTF-8"?>
<testsuite name="pl.edu.pjatk.LAB_2.Lab2ApplicationTests" tests="1" skipped="0" failures="0" errors="0" timestamp="2024-10-28T11:21:35" hostname="MacBook-Air-Mikoaj.local" time="0.348">
  <properties/>
  <testcase name="contextLoads()" classname="pl.edu.pjatk.LAB_2.Lab2ApplicationTests" time="0.348"/>
  <system-out><![CDATA[12:21:33.511 [Test worker] INFO org.springframework.test.context.support.AnnotationConfigContextLoaderUtils -- Could not detect default configuration classes for test class [pl.edu.pjatk.LAB_2.Lab2ApplicationTests]: Lab2ApplicationTests does not declare any static, non-private, non-final, nested classes annotated with @Configuration.
12:21:33.583 [Test worker] INFO org.springframework.boot.test.context.SpringBootTestContextBootstrapper -- Found @SpringBootConfiguration pl.edu.pjatk.LAB_2.Lab2Application for test class pl.edu.pjatk.LAB_2.Lab2ApplicationTests

  .   ____          _            __ _ _
 /\\ / ___'_ __ _ _(_)_ __  __ _ \ \ \ \
( ( )\___ | '_ | '_| | '_ \/ _` | \ \ \ \
 \\/  ___)| |_)| | | | | || (_| |  ) ) ) )
  '  |____| .__|_| |_|_| |_\__, | / / / /
 =========|_|==============|___/=/_/_/_/

 :: Spring Boot ::                (v3.3.4)

2024-10-28T12:21:33.754+01:00  INFO 408 --- [LAB_2] [    Test worker] p.edu.pjatk.LAB_2.Lab2ApplicationTests   : Starting Lab2ApplicationTests using Java 23 with PID 408 (started by mikolajszechniuk in /Users/mikolajszechniuk/Library/Mobile Documents/com~apple~CloudDocs/MPR/Repozytoria/MPR_spring_projekt)
2024-10-28T12:21:33.755+01:00  INFO 408 --- [LAB_2] [    Test worker] p.edu.pjatk.LAB_2.Lab2ApplicationTests   : No active profile set, falling back to 1 default profile: "default"
2024-10-28T12:21:34.040+01:00  INFO 408 --- [LAB_2] [    Test worker] .s.d.r.c.RepositoryConfigurationDelegate : Bootstrapping Spring Data JPA repositories in DEFAULT mode.
2024-10-28T12:21:34.063+01:00  INFO 408 --- [LAB_2] [    Test worker] .s.d.r.c.RepositoryConfigurationDelegate : Finished Spring Data repository scanning in 20 ms. Found 1 JPA repository interface.
2024-10-28T12:21:34.222+01:00  INFO 408 --- [LAB_2] [    Test worker] com.zaxxer.hikari.HikariDataSource       : HikariPool-1 - Starting...
2024-10-28T12:21:34.311+01:00  INFO 408 --- [LAB_2] [    Test worker] com.zaxxer.hikari.pool.HikariPool        : HikariPool-1 - Added connection conn0: url=jdbc:h2:mem:ec71438b-577c-4b91-8b7c-7e2049b96f68 user=SA
2024-10-28T12:21:34.311+01:00  INFO 408 --- [LAB_2] [    Test worker] com.zaxxer.hikari.HikariDataSource       : HikariPool-1 - Start completed.
2024-10-28T12:21:34.346+01:00  INFO 408 --- [LAB_2] [    Test worker] o.hibernate.jpa.internal.util.LogHelper  : HHH000204: Processing PersistenceUnitInfo [name: default]
2024-10-28T12:21:34.379+01:00  INFO 408 --- [LAB_2] [    Test worker] org.hibernate.Version                    : HHH000412: Hibernate ORM core version 6.5.3.Final
2024-10-28T12:21:34.395+01:00  INFO 408 --- [LAB_2] [    Test worker] o.h.c.internal.RegionFactoryInitiator    : HHH000026: Second-level cache disabled
2024-10-28T12:21:34.524+01:00  INFO 408 --- [LAB_2] [    Test worker] o.s.o.j.p.SpringPersistenceUnitInfo      : No LoadTimeWeaver setup: ignoring JPA class transformer
2024-10-28T12:21:34.886+01:00  INFO 408 --- [LAB_2] [    Test worker] o.h.e.t.j.p.i.JtaPlatformInitiator       : HHH000489: No JTA platform available (set 'hibernate.transaction.jta.platform' to enable JTA platform integration)
2024-10-28T12:21:34.898+01:00  INFO 408 --- [LAB_2] [    Test worker] j.LocalContainerEntityManagerFactoryBean : Initialized JPA EntityManagerFactory for persistence unit 'default'
2024-10-28T12:21:35.115+01:00  WARN 408 --- [LAB_2] [    Test worker] JpaBaseConfiguration$JpaWebConfiguration : spring.jpa.open-in-view is enabled by default. Therefore, database queries may be performed during view rendering. Explicitly configure spring.jpa.open-in-view to disable this warning
2024-10-28T12:21:35.255+01:00  INFO 408 --- [LAB_2] [    Test worker] p.edu.pjatk.LAB_2.Lab2ApplicationTests   : Started Lab2ApplicationTests in 1.6 seconds (process running for 2.183)
]]></system-out>
  <system-err><![CDATA[WARNING: A Java agent has been loaded dynamically (/Users/mikolajszechniuk/.gradle/caches/modules-2/files-2.1/net.bytebuddy/byte-buddy-agent/1.14.19/154da3a65b4f4a909d3e5bdec55d1b2b4cbb6ce1/byte-buddy-agent-1.14.19.jar)
WARNING: If a serviceability tool is in use, please run with -XX:+EnableDynamicAgentLoading to hide this warning
WARNING: If a serviceability tool is not in use, please run with -Djdk.instrument.traceUsage for more information
WARNING: Dynamic loading of agents will be disallowed by default in a future release
]]></system-err>
</testsuite>
