<?xml version="1.0" encoding="UTF-8"?>
<testsuite name="pl.edu.pjatk.LAB_2.CarServiceTest" tests="1" skipped="0" failures="0" errors="0" timestamp="2024-12-02T10:05:59" hostname="MacBook-Air-Mikoaj.local" time="0.525">
  <properties/>
  <testcase name="testUpdateCarNotFound_ThrowsException()" classname="pl.edu.pjatk.LAB_2.CarServiceTest" time="0.525"/>
  <system-out><![CDATA[]]></system-out>
  <system-err><![CDATA[WARNING: A Java agent has been loaded dynamically (/Users/mikolajszechniuk/.gradle/caches/modules-2/files-2.1/net.bytebuddy/byte-buddy-agent/1.14.19/154da3a65b4f4a909d3e5bdec55d1b2b4cbb6ce1/byte-buddy-agent-1.14.19.jar)
WARNING: If a serviceability tool is in use, please run with -XX:+EnableDynamicAgentLoading to hide this warning
WARNING: If a serviceability tool is not in use, please run with -Djdk.instrument.traceUsage for more information
WARNING: Dynamic loading of agents will be disallowed by default in a future release
]]></system-err>
</testsuite>
