<?xml version="1.0" encoding="UTF-8"?>
<testsuite name="pl.edu.pjatk.LAB_2.CarServiceTest" tests="18" skipped="0" failures="0" errors="0" timestamp="2024-11-05T10:27:03" hostname="MacBook-Air-Mikoaj.local" time="0.617">
  <properties/>
  <testcase name="testCarDeleteFailure_ThrowsException()" classname="pl.edu.pjatk.LAB_2.CarServiceTest" time="0.57"/>
  <testcase name="testUpdateCarAlreadyExists_ThrowsException()" classname="pl.edu.pjatk.LAB_2.CarServiceTest" time="0.003"/>
  <testcase name="testGetCarListSuccess_DoesNotThrowException()" classname="pl.edu.pjatk.LAB_2.CarServiceTest" time="0.004"/>
  <testcase name="testGetCarListEmpty_ThrowsException()" classname="pl.edu.pjatk.LAB_2.CarServiceTest" time="0.003"/>
  <testcase name="testAddCarSuccess_DoesNotThrowsException()" classname="pl.edu.pjatk.LAB_2.CarServiceTest" time="0.005"/>
  <testcase name="testGetCarByModelSuccess_DoesNotThrowsException()" classname="pl.edu.pjatk.LAB_2.CarServiceTest" time="0.002"/>
  <testcase name="testUpdateCarNotFound_ThrowsException()" classname="pl.edu.pjatk.LAB_2.CarServiceTest" time="0.003"/>
  <testcase name="testAddCarWrongDataModel_ThrowsException()" classname="pl.edu.pjatk.LAB_2.CarServiceTest" time="0.001"/>
  <testcase name="testCheckIfCarExists_DoesNotThrowException()" classname="pl.edu.pjatk.LAB_2.CarServiceTest" time="0.001"/>
  <testcase name="testCheckIfCarExists_ThrowsException()" classname="pl.edu.pjatk.LAB_2.CarServiceTest" time="0.002"/>
  <testcase name="testGetCarSuccess_DoesNotThrowException()" classname="pl.edu.pjatk.LAB_2.CarServiceTest" time="0.002"/>
  <testcase name="testUpdateCarSuccess_DoesNotThrowException()" classname="pl.edu.pjatk.LAB_2.CarServiceTest" time="0.002"/>
  <testcase name="testGetCarNotFound_ThrowsException()" classname="pl.edu.pjatk.LAB_2.CarServiceTest" time="0.002"/>
  <testcase name="testGetCarByModelWrongDataInput_ThrowsException()" classname="pl.edu.pjatk.LAB_2.CarServiceTest" time="0.001"/>
  <testcase name="testAddCarWrongDataColor_ThrowsException()" classname="pl.edu.pjatk.LAB_2.CarServiceTest" time="0.001"/>
  <testcase name="testAddCarWrongDataBoth_ThrowException()" classname="pl.edu.pjatk.LAB_2.CarServiceTest" time="0.002"/>
  <testcase name="testCarDeleteSuccess_DoesNotThrowException()" classname="pl.edu.pjatk.LAB_2.CarServiceTest" time="0.002"/>
  <testcase name="testGetCarByModelNotFound_ThrowException()" classname="pl.edu.pjatk.LAB_2.CarServiceTest" time="0.002"/>
  <system-out><![CDATA[]]></system-out>
  <system-err><![CDATA[WARNING: A Java agent has been loaded dynamically (/Users/mikolajszechniuk/.gradle/caches/modules-2/files-2.1/net.bytebuddy/byte-buddy-agent/1.14.19/154da3a65b4f4a909d3e5bdec55d1b2b4cbb6ce1/byte-buddy-agent-1.14.19.jar)
WARNING: If a serviceability tool is in use, please run with -XX:+EnableDynamicAgentLoading to hide this warning
WARNING: If a serviceability tool is not in use, please run with -Djdk.instrument.traceUsage for more information
WARNING: Dynamic loading of agents will be disallowed by default in a future release
]]></system-err>
</testsuite>
