<?xml version="1.0" encoding="UTF-8"?>
<testsuite name="pl.edu.pjatk.LAB_2.StringUtilsServiceTest" tests="9" skipped="0" failures="0" errors="0" timestamp="2024-11-04T21:53:29" hostname="MacBook-Air-Mikoaj.local" time="0.015">
  <properties/>
  <testcase name="testToUpperCase_NullInput()" classname="pl.edu.pjatk.LAB_2.StringUtilsServiceTest" time="0.007"/>
  <testcase name="testToProperCaseSuccess_RandomCases()" classname="pl.edu.pjatk.LAB_2.StringUtilsServiceTest" time="0.001"/>
  <testcase name="testToUpperCaseSuccess_RandomCases()" classname="pl.edu.pjatk.LAB_2.StringUtilsServiceTest" time="0.0"/>
  <testcase name="testToProperCase_NullInput()" classname="pl.edu.pjatk.LAB_2.StringUtilsServiceTest" time="0.0"/>
  <testcase name="testToProperCaseFailure_EmptyString()" classname="pl.edu.pjatk.LAB_2.StringUtilsServiceTest" time="0.0"/>
  <testcase name="testToLowerCase_NullInput()" classname="pl.edu.pjatk.LAB_2.StringUtilsServiceTest" time="0.0"/>
  <testcase name="testToUpperCaseFailure_EmptyString()" classname="pl.edu.pjatk.LAB_2.StringUtilsServiceTest" time="0.001"/>
  <testcase name="testToLowerCaseSuccess_RandomCases()" classname="pl.edu.pjatk.LAB_2.StringUtilsServiceTest" time="0.001"/>
  <testcase name="testToLowerCaseFailure_EmptyString()" classname="pl.edu.pjatk.LAB_2.StringUtilsServiceTest" time="0.0"/>
  <system-out><![CDATA[]]></system-out>
  <system-err><![CDATA[]]></system-err>
</testsuite>
